Determining if the pthread_create exist failed with the following output:
Change Dir: /home/burak/CLionProjects/cinbekleme/cmake-build-debug/CMakeFiles/CMakeTmp

Run Build Command:"/usr/bin/make" "cmTC_06fe6/fast"
/usr/bin/make -f CMakeFiles/cmTC_06fe6.dir/build.make CMakeFiles/cmTC_06fe6.dir/build
make[1]: Entering directory '/home/burak/CLionProjects/cinbekleme/cmake-build-debug/CMakeFiles/CMakeTmp'
Building C object CMakeFiles/cmTC_06fe6.dir/CheckSymbolExists.c.o
/usr/bin/cc   -fPIC    -o CMakeFiles/cmTC_06fe6.dir/CheckSymbolExists.c.o   -c /home/burak/CLionProjects/cinbekleme/cmake-build-debug/CMakeFiles/CMakeTmp/CheckSymbolExists.c
Linking C executable cmTC_06fe6
/home/burak/clion-2018.1.5/bin/cmake/bin/cmake -E cmake_link_script CMakeFiles/cmTC_06fe6.dir/link.txt --verbose=1
/usr/bin/cc -fPIC     CMakeFiles/cmTC_06fe6.dir/CheckSymbolExists.c.o  -o cmTC_06fe6 
CMakeFiles/cmTC_06fe6.dir/CheckSymbolExists.c.o: In function `main':
CheckSymbolExists.c:(.text+0x1b): undefined reference to `pthread_create'
collect2: error: ld returned 1 exit status
CMakeFiles/cmTC_06fe6.dir/build.make:97: recipe for target 'cmTC_06fe6' failed
make[1]: *** [cmTC_06fe6] Error 1
make[1]: Leaving directory '/home/burak/CLionProjects/cinbekleme/cmake-build-debug/CMakeFiles/CMakeTmp'
Makefile:126: recipe for target 'cmTC_06fe6/fast' failed
make: *** [cmTC_06fe6/fast] Error 2

File /home/burak/CLionProjects/cinbekleme/cmake-build-debug/CMakeFiles/CMakeTmp/CheckSymbolExists.c:
/* */
#include <pthread.h>

int main(int argc, char** argv)
{
  (void)argv;
#ifndef pthread_create
  return ((int*)(&pthread_create))[argc];
#else
  (void)argc;
  return 0;
#endif
}

Determining if the function pthread_create exists in the pthreads failed with the following output:
Change Dir: /home/burak/CLionProjects/cinbekleme/cmake-build-debug/CMakeFiles/CMakeTmp

Run Build Command:"/usr/bin/make" "cmTC_bdb9c/fast"
/usr/bin/make -f CMakeFiles/cmTC_bdb9c.dir/build.make CMakeFiles/cmTC_bdb9c.dir/build
make[1]: Entering directory '/home/burak/CLionProjects/cinbekleme/cmake-build-debug/CMakeFiles/CMakeTmp'
Building C object CMakeFiles/cmTC_bdb9c.dir/CheckFunctionExists.c.o
/usr/bin/cc   -fPIC -DCHECK_FUNCTION_EXISTS=pthread_create   -o CMakeFiles/cmTC_bdb9c.dir/CheckFunctionExists.c.o   -c /home/burak/clion-2018.1.5/bin/cmake/share/cmake-3.10/Modules/CheckFunctionExists.c
Linking C executable cmTC_bdb9c
/home/burak/clion-2018.1.5/bin/cmake/bin/cmake -E cmake_link_script CMakeFiles/cmTC_bdb9c.dir/link.txt --verbose=1
/usr/bin/cc -fPIC -DCHECK_FUNCTION_EXISTS=pthread_create    CMakeFiles/cmTC_bdb9c.dir/CheckFunctionExists.c.o  -o cmTC_bdb9c -lpthreads 
/usr/bin/x86_64-linux-gnu-ld: cannot find -lpthreads
collect2: error: ld returned 1 exit status
CMakeFiles/cmTC_bdb9c.dir/build.make:97: recipe for target 'cmTC_bdb9c' failed
make[1]: *** [cmTC_bdb9c] Error 1
make[1]: Leaving directory '/home/burak/CLionProjects/cinbekleme/cmake-build-debug/CMakeFiles/CMakeTmp'
Makefile:126: recipe for target 'cmTC_bdb9c/fast' failed
make: *** [cmTC_bdb9c/fast] Error 2


